Case #1: ZucksOldOffice ZucksOffice BlueBottle TransportationHub
Case #2: TransportationHub BahnAppetit MamaPennys BlueBottle FreshOrangeJuice Microkitchen BurgerShack CafeEpic ShuttlePlatform
Case #3: FukiSushiInOldenDays ColdBrewMachine FreshOrangeJuice CafeEpic SwagStore Helpdesk FullCircle MamaPennys BahnAppetit LateHarvest Harvest
Case #4: ColdBrewMachine ConstitutionDeli Harvest MamaPennys
Case #5: HackerSquare FukiSushiInOldenDays BlueBottle ConstitutionDeli FoxGazebo
Case #6: NailPolishRoomBlock LightningBolts BlueBottle RainbowStairs ChosHawkerCenter MamaPennys Helpdesk Arcade SonOfPingAndPong
Case #7: HotfixBar RainbowStairs Sol SweetStop CafeEpic LivingTheDream ZucksOffice TuringInDominoes OculusDemoLab LightningBolts NailPolishRoomBlock DentalOffice Nanokitchen PhilzCoffee SwagStore BahnAppetit FreshOrangeJuice FoxGazebo VerveCoffee ShuttlePlatform FakeCrosswalk BurgerShack TransportationHub FukiSushiInOldenDays ColdBrewMachine PopUpShop SonOfPingAndPong Harvest BlueBottle ZucksOldOffice MPK20Roof ChosHawkerCenter TechVendingMachine SugarShack WoodenSculpture FoxPainting Arcade Helpdesk BridgeClub ConstitutionDeli Microkitchen SaintFrank HalalTruck LateHarvest LikeSign MamaPennys WallOfPhones
Case #8: ZucksOffice ChosHawkerCenter LivingTheDream FullCircle SaintFrank RainbowStairs MamaPennys ConstitutionDeli SugarShack TuringInDominoes MPK20Roof BridgeClub LightningBolts WallOfPhones FreshOrangeJuice SweetStop Nanokitchen Ballpit Sol LikeSign TransportationHub SonOfPingAndPong OculusDemoLab
Case #9: HotfixBar
Case #10: LikeSign Arcade SweetStop
Case #11: SugarShack SweetStop ConstitutionDeli BlueBottle TransportationHub Helpdesk SonOfPingAndPong FakeCrosswalk FoxGazebo MamaPennys TechVendingMachine VerveCoffee LightningBolts Nanokitchen FukiSushiInOldenDays OculusDemoLab PopUpShop Harvest Ballpit MPK20Roof RainbowStairs TuringInDominoes ChosHawkerCenter DentalOffice FoxPainting
Case #12: ZucksOldOffice Harvest FakeCrosswalk WallOfPhones LateHarvest HotfixBar Helpdesk
Case #13: ZucksOldOffice ChosHawkerCenter Harvest SonOfPingAndPong Nanokitchen TuringInDominoes HotfixBar MPK20Roof FoxGazebo Arcade HackerSquare Ballpit FukiSushiInOldenDays SugarShack CafeEpic Helpdesk ColdBrewMachine
Case #14: ZucksOffice Sol HalalTruck Nanokitchen ConstitutionDeli TechVendingMachine ShuttlePlatform ColdBrewMachine BurgerShack Microkitchen Ballpit DentalOffice OculusDemoLab
Case #15: WallOfPhones
Case #16: PhilzCoffee HalalTruck Ballpit LivingTheDream SweetStop BridgeClub Nanokitchen SwagStore WallOfPhones SonOfPingAndPong Arcade ZucksOffice FakeCrosswalk
Case #17: LivingTheDream Harvest PhilzCoffee MamaPennys
Case #18: Helpdesk ChosHawkerCenter SugarShack BlueBottle LivingTheDream
Case #19: HalalTruck LikeSign Arcade Harvest LivingTheDream LightningBolts ChosHawkerCenter WoodenSculpture Helpdesk SwagStore NailPolishRoomBlock ColdBrewMachine CafeEpic BlueBottle ConstitutionDeli ZucksOldOffice FakeCrosswalk SugarShack WallOfPhones FukiSushiInOldenDays ZucksOffice SweetStop SonOfPingAndPong PopUpShop Microkitchen Nanokitchen DentalOffice BridgeClub ShuttlePlatform FoxPainting TransportationHub HotfixBar
Case #20: FoxGazebo MPK20Roof WoodenSculpture Biryani
Case #21: OculusDemoLab Ballpit ZucksOffice VerveCoffee SugarShack SaintFrank FoxGazebo RainbowStairs Nanokitchen TransportationHub LightningBolts BlueBottle BurgerShack WallOfPhones ConstitutionDeli MPK20Roof ChosHawkerCenter HalalTruck WoodenSculpture MamaPennys PopUpShop CafeEpic LivingTheDream LateHarvest FukiSushiInOldenDays FoxPainting
Case #22: SaintFrank SonOfPingAndPong WallOfPhones SweetStop VerveCoffee WoodenSculpture Nanokitchen
Case #23: MPK20Roof BridgeClub FukiSushiInOldenDays ConstitutionDeli Sol TransportationHub BlueBottle LivingTheDream SugarShack MamaPennys BahnAppetit Nanokitchen HotfixBar LateHarvest Microkitchen HalalTruck BurgerShack Ballpit OculusDemoLab LightningBolts Harvest
Case #24: FullCircle
Case #25: PhilzCoffee SonOfPingAndPong LikeSign ChosHawkerCenter Sol ConstitutionDeli Arcade SugarShack LateHarvest DentalOffice TransportationHub LightningBolts Helpdesk VerveCoffee FukiSushiInOldenDays WallOfPhones BridgeClub WoodenSculpture BurgerShack TuringInDominoes HalalTruck CafeEpic TechVendingMachine ZucksOldOffice FoxPainting BlueBottle ShuttlePlatform SweetStop Ballpit ZucksOffice FreshOrangeJuice
Case #26: Harvest TechVendingMachine FreshOrangeJuice LightningBolts Sol DentalOffice
Case #27: PhilzCoffee HalalTruck Microkitchen MPK20Roof ColdBrewMachine
Case #28: ShuttlePlatform BridgeClub Microkitchen BlueBottle LightningBolts OculusDemoLab NailPolishRoomBlock SweetStop LikeSign ZucksOffice FullCircle HotfixBar SaintFrank LivingTheDream Helpdesk MPK20Roof Arcade ColdBrewMachine Sol WallOfPhones FoxPainting RainbowStairs DentalOffice FakeCrosswalk PhilzCoffee TuringInDominoes PopUpShop
Case #29: VerveCoffee PopUpShop OculusDemoLab ZucksOldOffice ZucksOffice
Case #30: BridgeClub ZucksOldOffice FreshOrangeJuice BurgerShack Microkitchen ColdBrewMachine NailPolishRoomBlock
Case #31: LightningBolts Ballpit PopUpShop TuringInDominoes VerveCoffee
Case #32: Harvest FukiSushiInOldenDays ZucksOldOffice NailPolishRoomBlock MPK20Roof
Case #33: FullCircle FukiSushiInOldenDays WallOfPhones NailPolishRoomBlock Ballpit
Case #34: ColdBrewMachine
Case #35: SwagStore CafeEpic FreshOrangeJuice FullCircle WallOfPhones TuringInDominoes HalalTruck
Case #36: LateHarvest HalalTruck LightningBolts MamaPennys Harvest Helpdesk DentalOffice ColdBrewMachine TransportationHub SonOfPingAndPong RainbowStairs LikeSign FakeCrosswalk Ballpit FukiSushiInOldenDays FullCircle SugarShack CafeEpic FreshOrangeJuice ShuttlePlatform Nanokitchen TuringInDominoes NailPolishRoomBlock MPK20Roof BurgerShack SaintFrank HackerSquare
Case #37: RainbowStairs WallOfPhones FoxGazebo Helpdesk Arcade Harvest NailPolishRoomBlock FullCircle PopUpShop OculusDemoLab SaintFrank MamaPennys Sol FoxPainting HalalTruck LateHarvest FakeCrosswalk SugarShack BlueBottle SweetStop TuringInDominoes CafeEpic LivingTheDream DentalOffice ZucksOffice SonOfPingAndPong Nanokitchen ColdBrewMachine MPK20Roof WoodenSculpture PhilzCoffee BahnAppetit SwagStore FreshOrangeJuice ConstitutionDeli ShuttlePlatform LightningBolts ZucksOldOffice LikeSign TechVendingMachine Ballpit
Case #38: BahnAppetit LightningBolts FakeCrosswalk SwagStore HotfixBar VerveCoffee FukiSushiInOldenDays ColdBrewMachine PopUpShop LikeSign WallOfPhones BlueBottle TechVendingMachine FullCircle Arcade
Case #39: Ballpit Harvest TransportationHub
Case #40: TuringInDominoes SonOfPingAndPong
Case #41: CafeEpic SonOfPingAndPong FoxPainting BlueBottle Arcade SwagStore Sol BurgerShack FoxGazebo HotfixBar HalalTruck BridgeClub OculusDemoLab MPK20Roof Nanokitchen SugarShack ZucksOldOffice HackerSquare SaintFrank FakeCrosswalk Helpdesk ZucksOffice FukiSushiInOldenDays NailPolishRoomBlock LivingTheDream DentalOffice Harvest BahnAppetit WoodenSculpture PopUpShop LightningBolts MamaPennys FullCircle ConstitutionDeli Microkitchen PhilzCoffee WallOfPhones RainbowStairs VerveCoffee FreshOrangeJuice TransportationHub SweetStop TuringInDominoes
Case #42: PopUpShop PhilzCoffee MPK20Roof LightningBolts ChosHawkerCenter Microkitchen CafeEpic BlueBottle ZucksOffice BridgeClub Ballpit VerveCoffee ColdBrewMachine WoodenSculpture
Case #43: SaintFrank Helpdesk ConstitutionDeli SweetStop Microkitchen LateHarvest MamaPennys PhilzCoffee Sol BlueBottle SonOfPingAndPong FullCircle
Case #44: VerveCoffee LightningBolts BlueBottle SwagStore
Case #45: HackerSquare SugarShack Harvest ConstitutionDeli BurgerShack WoodenSculpture FukiSushiInOldenDays TuringInDominoes ShuttlePlatform Sol SweetStop BridgeClub SonOfPingAndPong TransportationHub Helpdesk ZucksOldOffice Microkitchen FoxGazebo FullCircle
Case #46: ColdBrewMachine WoodenSculpture LightningBolts SweetStop BahnAppetit FukiSushiInOldenDays BurgerShack ConstitutionDeli ChosHawkerCenter ShuttlePlatform LikeSign MPK20Roof Ballpit Sol TechVendingMachine NailPolishRoomBlock
Case #47: FakeCrosswalk FreshOrangeJuice LightningBolts TuringInDominoes Sol SonOfPingAndPong ColdBrewMachine SaintFrank BahnAppetit
Case #48: WoodenSculpture MPK20Roof Harvest Nanokitchen
Case #49: ZucksOffice HackerSquare Helpdesk SugarShack
Case #50: SwagStore BahnAppetit Harvest BridgeClub ZucksOffice WallOfPhones TechVendingMachine LateHarvest Microkitchen Nanokitchen ZucksOldOffice NailPolishRoomBlock DentalOffice FoxPainting Arcade VerveCoffee BlueBottle ShuttlePlatform Sol SugarShack LightningBolts TuringInDominoes MPK20Roof WoodenSculpture FakeCrosswalk HotfixBar BurgerShack FreshOrangeJuice FoxGazebo LikeSign ChosHawkerCenter MamaPennys LivingTheDream PopUpShop FullCircle TransportationHub SweetStop RainbowStairs PhilzCoffee SaintFrank HackerSquare
Case #51: Nanokitchen DentalOffice SwagStore BlueBottle FoxGazebo SonOfPingAndPong VerveCoffee ChosHawkerCenter NailPolishRoomBlock Microkitchen
Case #52: FukiSushiInOldenDays FoxPainting LivingTheDream Helpdesk Arcade SweetStop RainbowStairs ConstitutionDeli Harvest VerveCoffee TechVendingMachine BlueBottle NailPolishRoomBlock Microkitchen CafeEpic Ballpit DentalOffice FreshOrangeJuice Sol FullCircle Nanokitchen SaintFrank PopUpShop LikeSign HackerSquare FoxGazebo LightningBolts SonOfPingAndPong PhilzCoffee WallOfPhones FakeCrosswalk
Case #53: ConstitutionDeli LikeSign FoxGazebo BlueBottle BurgerShack Microkitchen TransportationHub TuringInDominoes SugarShack ZucksOldOffice HotfixBar LateHarvest LightningBolts NailPolishRoomBlock LivingTheDream FullCircle ZucksOffice CafeEpic SaintFrank SonOfPingAndPong OculusDemoLab Nanokitchen
Case #54: CafeEpic
Case #55: PopUpShop
Case #56: LikeSign Arcade SwagStore
Case #57: FoxPainting BahnAppetit SweetStop LightningBolts ChosHawkerCenter ZucksOldOffice
Case #58: Microkitchen BurgerShack FukiSushiInOldenDays Nanokitchen HackerSquare Helpdesk
Case #59: LikeSign SweetStop SwagStore
Case #60: Microkitchen VerveCoffee HackerSquare PopUpShop
Case #61: HackerSquare VerveCoffee HalalTruck ConstitutionDeli SugarShack PopUpShop Sol PhilzCoffee ShuttlePlatform BurgerShack LikeSign BlueBottle RainbowStairs LateHarvest Microkitchen ZucksOldOffice ZucksOffice SaintFrank TransportationHub FakeCrosswalk WallOfPhones SweetStop Harvest DentalOffice Ballpit LightningBolts FukiSushiInOldenDays SonOfPingAndPong WoodenSculpture TechVendingMachine HotfixBar ColdBrewMachine FoxGazebo
Case #62: TransportationHub SaintFrank
Case #63: TuringInDominoes VerveCoffee FukiSushiInOldenDays ShuttlePlatform TechVendingMachine ColdBrewMachine LightningBolts BridgeClub HotfixBar OculusDemoLab CafeEpic FakeCrosswalk SonOfPingAndPong FullCircle ZucksOffice Arcade SugarShack FoxGazebo MPK20Roof ConstitutionDeli WallOfPhones ChosHawkerCenter WoodenSculpture
Case #64: VerveCoffee FullCircle LikeSign
Case #65: Arcade
Case #66: BridgeClub LivingTheDream SaintFrank ZucksOldOffice
Case #67: SweetStop
Case #68: TransportationHub SonOfPingAndPong
Case #69: MPK20Roof FreshOrangeJuice LightningBolts BahnAppetit WoodenSculpture TransportationHub Helpdesk CafeEpic WallOfPhones Arcade FullCircle Microkitchen SugarShack Nanokitchen BurgerShack SweetStop ZucksOffice Sol SaintFrank DentalOffice BlueBottle VerveCoffee
Case #70: WallOfPhones Ballpit ZucksOldOffice
Case #71: SwagStore CafeEpic FullCircle WoodenSculpture Microkitchen VerveCoffee ZucksOffice PhilzCoffee SweetStop ColdBrewMachine SonOfPingAndPong HotfixBar SaintFrank BahnAppetit DentalOffice Ballpit Helpdesk ZucksOldOffice PopUpShop FoxPainting Nanokitchen LikeSign BridgeClub SugarShack
Case #72: MPK20Roof DentalOffice LateHarvest Arcade SonOfPingAndPong FakeCrosswalk BurgerShack HackerSquare FoxGazebo Helpdesk ZucksOldOffice ZucksOffice LivingTheDream SwagStore WallOfPhones LikeSign ChosHawkerCenter BahnAppetit NailPolishRoomBlock Ballpit ShuttlePlatform HotfixBar SweetStop MamaPennys
Case #73: WallOfPhones CafeEpic
Case #74: WoodenSculpture Harvest FukiSushiInOldenDays PopUpShop ShuttlePlatform BahnAppetit NailPolishRoomBlock SwagStore SugarShack
Case #75: HotfixBar MamaPennys SweetStop SwagStore Microkitchen FullCircle ZucksOldOffice ConstitutionDeli FoxGazebo
Case #76: MPK20Roof ShuttlePlatform Sol TuringInDominoes FoxPainting WoodenSculpture Harvest Microkitchen SwagStore ZucksOffice BurgerShack Arcade
Case #77: DentalOffice BlueBottle
Case #78: MamaPennys SwagStore LightningBolts FullCircle PhilzCoffee Harvest HackerSquare TransportationHub ShuttlePlatform FoxGazebo NailPolishRoomBlock WallOfPhones BlueBottle PopUpShop LikeSign HotfixBar
Case #79: SaintFrank OculusDemoLab LikeSign DentalOffice FakeCrosswalk
Case #80: SweetStop Harvest ZucksOffice OculusDemoLab HalalTruck Arcade BridgeClub MamaPennys SwagStore PhilzCoffee Sol CafeEpic LivingTheDream Microkitchen SugarShack NailPolishRoomBlock RainbowStairs BahnAppetit BlueBottle TransportationHub FullCircle ColdBrewMachine PopUpShop SaintFrank ChosHawkerCenter ZucksOldOffice Nanokitchen LateHarvest ConstitutionDeli FoxGazebo
